[ 2016-06-12T02:10:54+08:00 ] 207.46.13.109 /robots.txt
INFO: [ app_init ] --START--
INFO: Run Behavior\BuildLiteBehavior [ RunTime:0.000019s ]
INFO: [ app_init ] --END-- [ RunTime:0.000423s ]
ERR: 无法加载模块:Robots

[ 2016-06-12T02:31:07+08:00 ] 115.231.218.83 /editors/fckeditor/editor
INFO: [ app_init ] --START--
INFO: Run Behavior\BuildLiteBehavior [ RunTime:0.000018s ]
INFO: [ app_init ] --END-- [ RunTime:0.000415s ]
ERR: 无法加载模块:Editors

[ 2016-06-12T04:08:59+08:00 ] 207.46.13.109 /robots.txt
INFO: [ app_init ] --START--
INFO: Run Behavior\BuildLiteBehavior [ RunTime:0.000018s ]
INFO: [ app_init ] --END-- [ RunTime:0.000426s ]
ERR: 无法加载模块:Robots

[ 2016-06-12T06:16:39+08:00 ] 121.42.0.55 /Public/css/Home/fonts/icomoon.ttf?eggpxg
INFO: [ app_init ] --START--
INFO: Run Behavior\BuildLiteBehavior [ RunTime:0.000027s ]
INFO: [ app_init ] --END-- [ RunTime:0.000454s ]
ERR: 无法加载模块:Public

[ 2016-06-12T06:16:39+08:00 ] 121.42.0.55 /Public/css/Home/fonts/icomoon.woff?eggpxg
INFO: [ app_init ] --START--
INFO: Run Behavior\BuildLiteBehavior [ RunTime:0.000016s ]
INFO: [ app_init ] --END-- [ RunTime:0.000409s ]
ERR: 无法加载模块:Public

[ 2016-06-12T06:16:39+08:00 ] 121.42.0.55 /Public/css/Home/fonts/icomoon.svg?eggpxg
INFO: [ app_init ] --START--
INFO: Run Behavior\BuildLiteBehavior [ RunTime:0.000017s ]
INFO: [ app_init ] --END-- [ RunTime:0.000417s ]
ERR: 无法加载模块:Public

[ 2016-06-12T06:16:39+08:00 ] 121.42.0.61 /Public/css/Home/fonts/icomoon.ttf?eggpxg
INFO: [ app_init ] --START--
INFO: Run Behavior\BuildLiteBehavior [ RunTime:0.000019s ]
INFO: [ app_init ] --END-- [ RunTime:0.000426s ]
ERR: 无法加载模块:Public

[ 2016-06-12T06:16:39+08:00 ] 121.42.0.61 /Public/css/Home/fonts/icomoon.woff?eggpxg
INFO: [ app_init ] --START--
INFO: Run Behavior\BuildLiteBehavior [ RunTime:0.000020s ]
INFO: [ app_init ] --END-- [ RunTime:0.000428s ]
ERR: 无法加载模块:Public

[ 2016-06-12T06:16:39+08:00 ] 121.42.0.61 /Public/css/Home/fonts/icomoon.svg?eggpxg
INFO: [ app_init ] --START--
INFO: Run Behavior\BuildLiteBehavior [ RunTime:0.000018s ]
INFO: [ app_init ] --END-- [ RunTime:0.000403s ]
ERR: 无法加载模块:Public

[ 2016-06-12T11:55:30+08:00 ] 177.104.240.15 /administrator/index.php
INFO: [ app_init ] --START--
INFO: Run Behavior\BuildLiteBehavior [ RunTime:0.000019s ]
INFO: [ app_init ] --END-- [ RunTime:0.000428s ]
ERR: 无法加载模块:Administrator

[ 2016-06-12T23:19:14+08:00 ] 121.42.0.57 /Public/css/Home/fonts/icomoon.ttf?eggpxg
INFO: [ app_init ] --START--
INFO: Run Behavior\BuildLiteBehavior [ RunTime:0.000017s ]
INFO: [ app_init ] --END-- [ RunTime:0.000402s ]
ERR: 无法加载模块:Public

[ 2016-06-12T23:19:14+08:00 ] 121.42.0.57 /Public/css/Home/fonts/icomoon.woff?eggpxg
INFO: [ app_init ] --START--
INFO: Run Behavior\BuildLiteBehavior [ RunTime:0.000020s ]
INFO: [ app_init ] --END-- [ RunTime:0.000411s ]
ERR: 无法加载模块:Public

[ 2016-06-12T23:19:14+08:00 ] 121.42.0.57 /Public/css/Home/fonts/icomoon.svg?eggpxg
INFO: [ app_init ] --START--
INFO: Run Behavior\BuildLiteBehavior [ RunTime:0.000018s ]
INFO: [ app_init ] --END-- [ RunTime:0.000422s ]
ERR: 无法加载模块:Public

[ 2016-06-12T23:19:17+08:00 ] 121.42.0.62 /Public/css/Home/fonts/icomoon.ttf?eggpxg
INFO: [ app_init ] --START--
INFO: Run Behavior\BuildLiteBehavior [ RunTime:0.000018s ]
INFO: [ app_init ] --END-- [ RunTime:0.000408s ]
ERR: 无法加载模块:Public

[ 2016-06-12T23:19:17+08:00 ] 121.42.0.62 /Public/css/Home/fonts/icomoon.woff?eggpxg
INFO: [ app_init ] --START--
INFO: Run Behavior\BuildLiteBehavior [ RunTime:0.000018s ]
INFO: [ app_init ] --END-- [ RunTime:0.000443s ]
ERR: 无法加载模块:Public

[ 2016-06-12T23:19:18+08:00 ] 121.42.0.62 /Public/css/Home/fonts/icomoon.svg?eggpxg
INFO: [ app_init ] --START--
INFO: Run Behavior\BuildLiteBehavior [ RunTime:0.000018s ]
INFO: [ app_init ] --END-- [ RunTime:0.000406s ]
ERR: 无法加载模块:Public

