[ 2016-05-09T05:08:58+08:00 ] 121.42.0.67 /Public/css/Home/fonts/icomoon.ttf?eggpxg
INFO: [ app_init ] --START--
INFO: Run Behavior\BuildLiteBehavior [ RunTime:0.000018s ]
INFO: [ app_init ] --END-- [ RunTime:0.000438s ]
ERR: 无法加载模块:Public

[ 2016-05-09T05:08:58+08:00 ] 121.42.0.67 /Public/css/Home/fonts/icomoon.woff?eggpxg
INFO: [ app_init ] --START--
INFO: Run Behavior\BuildLiteBehavior [ RunTime:0.000030s ]
INFO: [ app_init ] --END-- [ RunTime:0.000633s ]
ERR: 无法加载模块:Public

[ 2016-05-09T05:08:58+08:00 ] 121.42.0.67 /Public/css/Home/fonts/icomoon.svg?eggpxg
INFO: [ app_init ] --START--
INFO: Run Behavior\BuildLiteBehavior [ RunTime:0.000017s ]
INFO: [ app_init ] --END-- [ RunTime:0.000428s ]
ERR: 无法加载模块:Public

[ 2016-05-09T05:08:59+08:00 ] 121.42.0.57 /Public/css/Home/fonts/icomoon.ttf?eggpxg
INFO: [ app_init ] --START--
INFO: Run Behavior\BuildLiteBehavior [ RunTime:0.000018s ]
INFO: [ app_init ] --END-- [ RunTime:0.000421s ]
ERR: 无法加载模块:Public

[ 2016-05-09T05:08:59+08:00 ] 121.42.0.57 /Public/css/Home/fonts/icomoon.woff?eggpxg
INFO: [ app_init ] --START--
INFO: Run Behavior\BuildLiteBehavior [ RunTime:0.000019s ]
INFO: [ app_init ] --END-- [ RunTime:0.000432s ]
ERR: 无法加载模块:Public

[ 2016-05-09T05:08:59+08:00 ] 121.42.0.57 /Public/css/Home/fonts/icomoon.svg?eggpxg
INFO: [ app_init ] --START--
INFO: Run Behavior\BuildLiteBehavior [ RunTime:0.000017s ]
INFO: [ app_init ] --END-- [ RunTime:0.000457s ]
ERR: 无法加载模块:Public

[ 2016-05-09T08:13:10+08:00 ] 40.77.167.63 /robots.txt
INFO: [ app_init ] --START--
INFO: Run Behavior\BuildLiteBehavior [ RunTime:0.000022s ]
INFO: [ app_init ] --END-- [ RunTime:0.000460s ]
ERR: 无法加载模块:Robots

[ 2016-05-09T20:21:56+08:00 ] 119.128.141.100 /Public/css/Home/fonts/icomoon.ttf?eggpxg
INFO: [ app_init ] --START--
INFO: Run Behavior\BuildLiteBehavior [ RunTime:0.000017s ]
INFO: [ app_init ] --END-- [ RunTime:0.000414s ]
ERR: 无法加载模块:Public

[ 2016-05-09T20:21:56+08:00 ] 119.128.141.100 /Public/css/Home/fonts/icomoon.woff?eggpxg
INFO: [ app_init ] --START--
INFO: Run Behavior\BuildLiteBehavior [ RunTime:0.000018s ]
INFO: [ app_init ] --END-- [ RunTime:0.000436s ]
ERR: 无法加载模块:Public

[ 2016-05-09T20:21:56+08:00 ] 119.128.141.100 /myico.ico
INFO: [ app_init ] --START--
INFO: Run Behavior\BuildLiteBehavior [ RunTime:0.000018s ]
INFO: [ app_init ] --END-- [ RunTime:0.000458s ]
ERR: 无法加载模块:Myico

