[ 2016-04-25T07:48:20+08:00 ] 111.13.102.139 /robots.txt
INFO: [ app_init ] --START--
INFO: Run Behavior\BuildLiteBehavior [ RunTime:0.000017s ]
INFO: [ app_init ] --END-- [ RunTime:0.000451s ]
ERR: 无法加载模块:Robots

[ 2016-04-25T22:31:25+08:00 ] 121.42.0.66 /Public/css/Home/fonts/icomoon.ttf?eggpxg
INFO: [ app_init ] --START--
INFO: Run Behavior\BuildLiteBehavior [ RunTime:0.000016s ]
INFO: [ app_init ] --END-- [ RunTime:0.000401s ]
ERR: 无法加载模块:Public

[ 2016-04-25T22:31:25+08:00 ] 121.42.0.66 /Public/css/Home/fonts/icomoon.woff?eggpxg
INFO: [ app_init ] --START--
INFO: Run Behavior\BuildLiteBehavior [ RunTime:0.000022s ]
INFO: [ app_init ] --END-- [ RunTime:0.000507s ]
ERR: 无法加载模块:Public

[ 2016-04-25T22:31:25+08:00 ] 121.42.0.66 /Public/css/Home/fonts/icomoon.svg?eggpxg
INFO: [ app_init ] --START--
INFO: Run Behavior\BuildLiteBehavior [ RunTime:0.000017s ]
INFO: [ app_init ] --END-- [ RunTime:0.000406s ]
ERR: 无法加载模块:Public

[ 2016-04-25T22:31:25+08:00 ] 121.42.0.57 /Public/css/Home/fonts/icomoon.ttf?eggpxg
INFO: [ app_init ] --START--
INFO: Run Behavior\BuildLiteBehavior [ RunTime:0.000031s ]
INFO: [ app_init ] --END-- [ RunTime:0.000544s ]
ERR: 无法加载模块:Public

[ 2016-04-25T22:31:25+08:00 ] 121.42.0.57 /Public/css/Home/fonts/icomoon.woff?eggpxg
INFO: [ app_init ] --START--
INFO: Run Behavior\BuildLiteBehavior [ RunTime:0.000020s ]
INFO: [ app_init ] --END-- [ RunTime:0.000430s ]
ERR: 无法加载模块:Public

[ 2016-04-25T22:31:25+08:00 ] 121.42.0.57 /Public/css/Home/fonts/icomoon.svg?eggpxg
INFO: [ app_init ] --START--
INFO: Run Behavior\BuildLiteBehavior [ RunTime:0.000020s ]
INFO: [ app_init ] --END-- [ RunTime:0.000422s ]
ERR: 无法加载模块:Public

