[ 2016-06-03T04:16:48+08:00 ] 121.42.0.62 /Public/css/Home/fonts/icomoon.ttf?eggpxg
INFO: [ app_init ] --START--
INFO: Run Behavior\BuildLiteBehavior [ RunTime:0.000020s ]
INFO: [ app_init ] --END-- [ RunTime:0.000447s ]
ERR: 无法加载模块:Public

[ 2016-06-03T04:16:48+08:00 ] 121.42.0.67 /Public/css/Home/fonts/icomoon.ttf?eggpxg
INFO: [ app_init ] --START--
INFO: Run Behavior\BuildLiteBehavior [ RunTime:0.000020s ]
INFO: [ app_init ] --END-- [ RunTime:0.000431s ]
ERR: 无法加载模块:Public

[ 2016-06-03T04:16:48+08:00 ] 121.42.0.62 /Public/css/Home/fonts/icomoon.woff?eggpxg
INFO: [ app_init ] --START--
INFO: Run Behavior\BuildLiteBehavior [ RunTime:0.000020s ]
INFO: [ app_init ] --END-- [ RunTime:0.000434s ]
ERR: 无法加载模块:Public

[ 2016-06-03T04:16:48+08:00 ] 121.42.0.67 /Public/css/Home/fonts/icomoon.woff?eggpxg
INFO: [ app_init ] --START--
INFO: Run Behavior\BuildLiteBehavior [ RunTime:0.000023s ]
INFO: [ app_init ] --END-- [ RunTime:0.000497s ]
ERR: 无法加载模块:Public

[ 2016-06-03T04:16:48+08:00 ] 121.42.0.62 /Public/css/Home/fonts/icomoon.svg?eggpxg
INFO: [ app_init ] --START--
INFO: Run Behavior\BuildLiteBehavior [ RunTime:0.000017s ]
INFO: [ app_init ] --END-- [ RunTime:0.000408s ]
ERR: 无法加载模块:Public

[ 2016-06-03T04:16:48+08:00 ] 121.42.0.67 /Public/css/Home/fonts/icomoon.svg?eggpxg
INFO: [ app_init ] --START--
INFO: Run Behavior\BuildLiteBehavior [ RunTime:0.000020s ]
INFO: [ app_init ] --END-- [ RunTime:0.000437s ]
ERR: 无法加载模块:Public

[ 2016-06-03T20:48:17+08:00 ] 207.46.13.122 /robots.txt
INFO: [ app_init ] --START--
INFO: Run Behavior\BuildLiteBehavior [ RunTime:0.000022s ]
INFO: [ app_init ] --END-- [ RunTime:0.000541s ]
ERR: 无法加载模块:Robots

