[ 2016-06-05T01:55:03+08:00 ] 207.46.13.62 /
INFO: [ app_init ] --START--
INFO: Run Behavior\BuildLiteBehavior [ RunTime:0.000018s ]
INFO: [ app_init ] --END-- [ RunTime:0.000425s ]
INFO: [ app_begin ] --START--
INFO: Run Behavior\ReadHtmlCacheBehavior [ RunTime:0.000645s ]
INFO: [ app_begin ] --END-- [ RunTime:0.000697s ]
SQL: SHOW COLUMNS FROM `tbvisitors` [ RunTime:0.0008s ]
SQL: INSERT INTO `tbvisitors` (`fdCreate`,`fdIP`) VALUES ('2016-06-05 01:55:03','207.46.13.62') [ RunTime:0.0055s ]
INFO: [ view_parse ] --START--
INFO: [ template_filter ] --START--
INFO: Run Behavior\ContentReplaceBehavior [ RunTime:0.000222s ]
INFO: [ template_filter ] --END-- [ RunTime:0.000282s ]
INFO: Run Behavior\ParseTemplateBehavior [ RunTime:0.016989s ]
INFO: [ view_parse ] --END-- [ RunTime:0.017038s ]
INFO: [ view_filter ] --START--
INFO: Run Behavior\WriteHtmlCacheBehavior [ RunTime:0.000328s ]
INFO: [ view_filter ] --END-- [ RunTime:0.000368s ]
INFO: [ app_end ] --START--
INFO: Run Behavior\ShowPageTraceBehavior [ RunTime:0.000682s ]
INFO: [ app_end ] --END-- [ RunTime:0.000732s ]

[ 2016-06-05T07:37:03+08:00 ] 121.42.0.34 /
INFO: [ app_init ] --START--
INFO: Run Behavior\BuildLiteBehavior [ RunTime:0.000073s ]
INFO: [ app_init ] --END-- [ RunTime:0.000735s ]
INFO: [ app_begin ] --START--
INFO: Run Behavior\ReadHtmlCacheBehavior [ RunTime:0.000967s ]
INFO: [ app_begin ] --END-- [ RunTime:0.001060s ]
SQL: SHOW COLUMNS FROM `tbvisitors` [ RunTime:0.0010s ]
SQL: INSERT INTO `tbvisitors` (`fdCreate`,`fdIP`) VALUES ('2016-06-05 07:37:03','121.42.0.34') [ RunTime:0.0052s ]
INFO: [ view_parse ] --START--
INFO: [ template_filter ] --START--
INFO: Run Behavior\ContentReplaceBehavior [ RunTime:0.000231s ]
INFO: [ template_filter ] --END-- [ RunTime:0.000313s ]
INFO: Run Behavior\ParseTemplateBehavior [ RunTime:0.016496s ]
INFO: [ view_parse ] --END-- [ RunTime:0.016547s ]
INFO: [ view_filter ] --START--
INFO: Run Behavior\WriteHtmlCacheBehavior [ RunTime:0.000307s ]
INFO: [ view_filter ] --END-- [ RunTime:0.000347s ]
INFO: [ app_end ] --START--
INFO: Run Behavior\ShowPageTraceBehavior [ RunTime:0.000614s ]
INFO: [ app_end ] --END-- [ RunTime:0.000664s ]

[ 2016-06-05T11:17:36+08:00 ] 207.46.13.62 /
INFO: [ app_init ] --START--
INFO: Run Behavior\BuildLiteBehavior [ RunTime:0.000020s ]
INFO: [ app_init ] --END-- [ RunTime:0.000428s ]
INFO: [ app_begin ] --START--
INFO: Run Behavior\ReadHtmlCacheBehavior [ RunTime:0.000675s ]
INFO: [ app_begin ] --END-- [ RunTime:0.000728s ]
SQL: SHOW COLUMNS FROM `tbvisitors` [ RunTime:0.0011s ]
SQL: INSERT INTO `tbvisitors` (`fdCreate`,`fdIP`) VALUES ('2016-06-05 11:17:36','207.46.13.62') [ RunTime:0.0075s ]
INFO: [ view_parse ] --START--
INFO: [ template_filter ] --START--
INFO: Run Behavior\ContentReplaceBehavior [ RunTime:0.000880s ]
INFO: [ template_filter ] --END-- [ RunTime:0.001196s ]
INFO: Run Behavior\ParseTemplateBehavior [ RunTime:0.029026s ]
INFO: [ view_parse ] --END-- [ RunTime:0.029083s ]
INFO: [ view_filter ] --START--
INFO: Run Behavior\WriteHtmlCacheBehavior [ RunTime:0.000322s ]
INFO: [ view_filter ] --END-- [ RunTime:0.000362s ]
INFO: [ app_end ] --START--
INFO: Run Behavior\ShowPageTraceBehavior [ RunTime:0.000606s ]
INFO: [ app_end ] --END-- [ RunTime:0.000657s ]

[ 2016-06-05T13:21:36+08:00 ] 207.46.13.62 /
INFO: [ app_init ] --START--
INFO: Run Behavior\BuildLiteBehavior [ RunTime:0.000017s ]
INFO: [ app_init ] --END-- [ RunTime:0.000426s ]
INFO: [ app_begin ] --START--
INFO: Run Behavior\ReadHtmlCacheBehavior [ RunTime:0.000639s ]
INFO: [ app_begin ] --END-- [ RunTime:0.000694s ]
SQL: SHOW COLUMNS FROM `tbvisitors` [ RunTime:0.0015s ]
SQL: INSERT INTO `tbvisitors` (`fdCreate`,`fdIP`) VALUES ('2016-06-05 13:21:36','207.46.13.62') [ RunTime:0.0058s ]
INFO: [ view_parse ] --START--
INFO: [ template_filter ] --START--
INFO: Run Behavior\ContentReplaceBehavior [ RunTime:0.000229s ]
INFO: [ template_filter ] --END-- [ RunTime:0.000319s ]
INFO: Run Behavior\ParseTemplateBehavior [ RunTime:0.020069s ]
INFO: [ view_parse ] --END-- [ RunTime:0.020134s ]
INFO: [ view_filter ] --START--
INFO: Run Behavior\WriteHtmlCacheBehavior [ RunTime:0.000310s ]
INFO: [ view_filter ] --END-- [ RunTime:0.000350s ]
INFO: [ app_end ] --START--
INFO: Run Behavior\ShowPageTraceBehavior [ RunTime:0.000640s ]
INFO: [ app_end ] --END-- [ RunTime:0.000691s ]

[ 2016-06-05T23:42:51+08:00 ] 207.46.13.62 /
INFO: [ app_init ] --START--
INFO: Run Behavior\BuildLiteBehavior [ RunTime:0.000036s ]
INFO: [ app_init ] --END-- [ RunTime:0.000714s ]
INFO: [ app_begin ] --START--
INFO: Run Behavior\ReadHtmlCacheBehavior [ RunTime:0.000713s ]
INFO: [ app_begin ] --END-- [ RunTime:0.000767s ]
SQL: SHOW COLUMNS FROM `tbvisitors` [ RunTime:0.0010s ]
SQL: INSERT INTO `tbvisitors` (`fdCreate`,`fdIP`) VALUES ('2016-06-05 23:42:51','207.46.13.62') [ RunTime:0.0078s ]
INFO: [ view_parse ] --START--
INFO: [ template_filter ] --START--
INFO: Run Behavior\ContentReplaceBehavior [ RunTime:0.000227s ]
INFO: [ template_filter ] --END-- [ RunTime:0.000313s ]
INFO: Run Behavior\ParseTemplateBehavior [ RunTime:0.017129s ]
INFO: [ view_parse ] --END-- [ RunTime:0.017182s ]
INFO: [ view_filter ] --START--
INFO: Run Behavior\WriteHtmlCacheBehavior [ RunTime:0.000319s ]
INFO: [ view_filter ] --END-- [ RunTime:0.000359s ]
INFO: [ app_end ] --START--
INFO: Run Behavior\ShowPageTraceBehavior [ RunTime:0.000582s ]
INFO: [ app_end ] --END-- [ RunTime:0.000629s ]

